{
  "RSpec": {
    "coverage": {
      "/Users/davidgeismar/code/make_ai_great_again/app/helpers/application_helper.rb": {
        "lines": [
          1,
          null
        ]
      },
      "/Users/davidgeismar/code/make_ai_great_again/app/models/api_configuration.rb": {
        "lines": [
          1,
          null,
          1,
          null,
          null,
          null,
          null,
          null,
          null,
          null,
          1,
          null,
          null,
          1,
          1,
          1,
          null,
          1,
          null,
          null,
          1,
          null,
          null,
          null,
          null,
          null,
          null,
          null,
          1,
          null,
          null,
          1,
          0,
          null,
          0,
          null,
          null,
          1,
          null,
          0,
          null,
          null
        ]
      },
      "/Users/davidgeismar/code/make_ai_great_again/app/models/application_record.rb": {
        "lines": [
          1,
          1,
          null
        ]
      },
      "/Users/davidgeismar/code/make_ai_great_again/app/models/organization_membership.rb": {
        "lines": [
          1,
          null,
          1,
          null,
          null,
          null,
          null,
          null,
          null,
          null,
          1,
          null,
          null,
          1,
          1,
          null,
          null,
          1,
          null,
          null,
          1,
          1,
          null
        ]
      },
      "/Users/davidgeismar/code/make_ai_great_again/app/models/organization.rb": {
        "lines": [
          1,
          null,
          1,
          1,
          1,
          null,
          null,
          1,
          1,
          1,
          null,
          null,
          1,
          null,
          null,
          1,
          null,
          null,
          1,
          null,
          1,
          null,
          1,
          0,
          null,
          0,
          null,
          null
        ]
      },
      "/Users/davidgeismar/code/make_ai_great_again/app/models/user.rb": {
        "lines": [
          1,
          null,
          null,
          1,
          null,
          null,
          null,
          null,
          1,
          1,
          null,
          null,
          1,
          1,
          1,
          null,
          null,
          1,
          null,
          null,
          1,
          0,
          null,
          null,
          1,
          0,
          null,
          null
        ]
      },
      "/Users/davidgeismar/code/make_ai_great_again/app/controllers/application_controller.rb": {
        "lines": [
          0,
          null,
          0,
          null,
          null,
          0,
          null,
          null,
          0,
          null,
          null,
          0,
          0,
          0,
          null,
          null,
          0,
          0,
          null,
          0,
          null,
          0,
          0,
          null,
          null,
          0,
          0,
          0,
          0,
          0,
          0,
          0,
          null,
          0,
          0,
          null,
          0,
          0,
          0,
          0,
          null,
          0,
          0,
          0,
          0,
          null,
          0,
          null,
          0,
          0,
          0,
          0
        ],
        "branches": {}
      },
      "/Users/davidgeismar/code/make_ai_great_again/app/jobs/application_job.rb": {
        "lines": [
          0,
          null,
          null,
          null,
          null,
          null,
          0
        ],
        "branches": {}
      },
      "/Users/davidgeismar/code/make_ai_great_again/app/mailers/application_mailer.rb": {
        "lines": [
          0,
          0,
          0,
          0
        ],
        "branches": {}
      },
      "/Users/davidgeismar/code/make_ai_great_again/app/policies/application_policy.rb": {
        "lines": [
          null,
          null,
          0,
          0,
          null,
          0,
          0,
          0,
          0,
          null,
          0,
          0,
          0,
          null,
          0,
          0,
          0,
          null,
          0,
          0,
          0,
          null,
          0,
          0,
          0,
          null,
          0,
          0,
          0,
          null,
          0,
          0,
          0,
          null,
          0,
          0,
          0,
          null,
          0,
          0,
          0,
          0,
          0,
          null,
          0,
          0,
          0,
          null,
          0,
          null,
          0,
          0,
          0
        ],
        "branches": {}
      }
    },
    "timestamp": 1771934669
  }
}
